<?xml version="1.0" encoding="UTF-8"?>
<testng-results skipped="0" failed="0" total="1" passed="1">
  <reporter-output>
  </reporter-output>
  <suite name="Suite" duration-ms="168338" started-at="2016-07-29T10:33:51Z" finished-at="2016-07-29T10:36:39Z">
    <groups>
    </groups>
    <test name="DSS-Regression With Internet Explorer" duration-ms="168338" started-at="2016-07-29T10:33:51Z" finished-at="2016-07-29T10:36:39Z">
      <class name="com.dss.test.dss.subscription.SubscriptionTest">
        <test-method status="PASS" signature="beforeTest(java.lang.String, java.lang.String)[pri:0, instance:com.dss.test.dss.subscription.SubscriptionTest@400cff1a]" name="beforeTest" is-config="true" duration-ms="11141" started-at="2016-07-29T16:03:54Z" finished-at="2016-07-29T16:04:05Z">
          <params>
            <param index="0">
              <value>
                <![CDATA[internet explorer]]>
              </value>
            </param>
            <param index="1">
              <value>
                <![CDATA[11.0.9600.18314]]>
              </value>
            </param>
          </params>
          <reporter-output>
          </reporter-output>
        </test-method> <!-- beforeTest -->
        <test-method status="PASS" signature="BuyPrintPlusDigitalSubscriptionWithinAreaZIPWithNonSSOR(java.lang.String, java.lang.String, java.lang.String, java.lang.String, java.lang.String, java.lang.String, java.lang.String, java.lang.String, java.lang.String, java.lang.String, java.lang.String, java.lang.String, java.lang.String, java.lang.String)[pri:0, instance:com.dss.test.dss.subscription.SubscriptionTest@400cff1a]" name="BuyPrintPlusDigitalSubscriptionWithinAreaZIPWithNonSSOR" duration-ms="151906" started-at="2016-07-29T16:04:05Z" data-provider="WithInAreaZIP NONSSORUser with BankAccount" finished-at="2016-07-29T16:06:37Z">
          <params>
            <param index="0">
              <value>
                <![CDATA[WithInAreaZIP NONSSORUser with BankAccount]]>
              </value>
            </param>
            <param index="1">
              <value>
                <![CDATA[32809]]>
              </value>
            </param>
            <param index="2">
              <value>
                <![CDATA[TestBankAccount]]>
              </value>
            </param>
            <param index="3">
              <value>
                <![CDATA[9900000002]]>
              </value>
            </param>
            <param index="4">
              <value>
                <![CDATA[021000021]]>
              </value>
            </param>
            <param index="5">
              <value>
                <![CDATA[Bruno]]>
              </value>
            </param>
            <param index="6">
              <value>
                <![CDATA[Colen]]>
              </value>
            </param>
            <param index="7">
              <value>
                <![CDATA[726 Stetson St.]]>
              </value>
            </param>
            <param index="8">
              <value>
                <![CDATA[Arkham]]>
              </value>
            </param>
            <param index="9">
              <value>
                <![CDATA[Orlando]]>
              </value>
            </param>
            <param index="10">
              <value>
                <![CDATA[FL]]>
              </value>
            </param>
            <param index="11">
              <value>
                <![CDATA[8008998830]]>
              </value>
            </param>
            <param index="12">
              <value>
                <![CDATA[tribune1]]>
              </value>
            </param>
            <param index="13">
              <value>
                <![CDATA[AutoGenerated]]>
              </value>
            </param>
          </params>
          <reporter-output>
          </reporter-output>
        </test-method> <!-- BuyPrintPlusDigitalSubscriptionWithinAreaZIPWithNonSSOR -->
        <test-method status="PASS" signature="afterTest(org.testng.ITestResult)[pri:0, instance:com.dss.test.dss.subscription.SubscriptionTest@400cff1a]" name="afterTest" is-config="true" duration-ms="2372" started-at="2016-07-29T16:06:37Z" finished-at="2016-07-29T16:06:39Z">
          <params>
            <param index="0">
              <value>
                <![CDATA[[TestResult name=BuyPrintPlusDigitalSubscriptionWithinAreaZIPWithNonSSOR status=SUCCESS method=SubscriptionTest.BuyPrintPlusDigitalSubscriptionWithinAreaZIPWithNonSSOR(java.lang.String, java.lang.String, java.lang.String, java.lang.String, java.lang.String, java.lang.String, java.lang.String, java.lang.String, java.lang.String, java.lang.String, java.lang.String, java.lang.String, java.lang.String, java.lang.String)[pri:0, instance:com.dss.test.dss.subscription.SubscriptionTest@400cff1a] output={null}]]]>
              </value>
            </param>
          </params>
          <reporter-output>
          </reporter-output>
        </test-method> <!-- afterTest -->
      </class> <!-- com.dss.test.dss.subscription.SubscriptionTest -->
    </test> <!-- DSS-Regression With Internet Explorer -->
  </suite> <!-- Suite -->
</testng-results>
